#Build: Fabric Compiler 2022.1, Build 99559, Jul 12 00:20 2022
#Install: D:\PDS_2022.1\bin
#Application name: pds_shell.exe
#OS: Windows 10 10.0.26100
#Hostname: LAPTOP-QFML4PNT
Generated by Fabric Compiler (version 2022.1 build 99559) at Sun Mar  2 22:39:29 2025
Compiling verification operator library.
Compiling common defs.
Compiling prim grid devices.
Compiling gate devices.
Compiling gate operators.
Building architecture model.
Loading device packaging model.
Reading design from DB.
Start Generating Programming File...
Reading design from DB takes 1.296875 sec.
Generating architecture configuration.
The bitstream file is "C:/Users/qiu/Desktop/ziguang/briey_cpu_core/first_try/generate_bitstream/Briey.sbit"
Generate programming file takes 18.734375 sec.
Generating Programming File done.
Action gen_bit_stream: Real time elapsed is 0h:0m:25s
Action gen_bit_stream: CPU time elapsed is 0h:0m:23s
Action gen_bit_stream: Process CPU time elapsed is 0h:0m:23s
Current time: Sun Mar  2 22:39:52 2025
Action gen_bit_stream: Peak memory pool usage is 678 MB
